<?xml version="1.0" encoding="UTF-8"?>
<!-- Generated by org.testng.reporters.JUnitReportReporter -->
<testsuite hostname="QR022" name="org.helm.notation2.parser.polymer.MonomerNotationUnitRNATest" tests="1" failures="0" timestamp="20 Dec 2016 12:01:06 GMT" time="0.009" errors="1">
  <testcase name="testMonomerNotationUnitRNAContentsSpecialFour" time="0.009" classname="org.helm.notation2.parser.polymer.MonomerNotationUnitRNATest">
    <error type="org.helm.notation2.parser.exceptionparser.NotationException" message="Monomers have to be in brackets">
      <![CDATA[org.helm.notation2.parser.exceptionparser.NotationException: Monomers have to be in brackets
	at org.helm.notation2.parser.notation.polymer.MonomerNotationUnit.<init>(MonomerNotationUnit.java:54)
	at org.helm.notation2.parser.notation.polymer.MonomerNotationUnitRNA.<init>(MonomerNotationUnitRNA.java:59)
	at org.helm.notation2.parser.polymer.MonomerNotationUnitRNATest.testMonomerNotationUnitRNAContentsSpecialFour(MonomerNotationUnitRNATest.java:118)
	at sun.reflect.NativeMethodAccessorImpl.invoke0(Native Method)
	at sun.reflect.NativeMethodAccessorImpl.invoke(Unknown Source)
	at sun.reflect.DelegatingMethodAccessorImpl.invoke(Unknown Source)
	at java.lang.reflect.Method.invoke(Unknown Source)
	at org.testng.internal.MethodInvocationHelper.invokeMethod(MethodInvocationHelper.java:85)
	at org.testng.internal.Invoker.invokeMethod(Invoker.java:639)
	at org.testng.internal.Invoker.invokeTestMethod(Invoker.java:816)
	at org.testng.internal.Invoker.invokeTestMethods(Invoker.java:1124)
	at org.testng.internal.TestMethodWorker.invokeTestMethods(TestMethodWorker.java:125)
	at org.testng.internal.TestMethodWorker.run(TestMethodWorker.java:108)
	at org.testng.TestRunner.privateRun(TestRunner.java:774)
	at org.testng.TestRunner.run(TestRunner.java:624)
	at org.testng.SuiteRunner.runTest(SuiteRunner.java:359)
	at org.testng.SuiteRunner.runSequentially(SuiteRunner.java:354)
	at org.testng.SuiteRunner.privateRun(SuiteRunner.java:312)
	at org.testng.SuiteRunner.run(SuiteRunner.java:261)
	at org.testng.SuiteRunnerWorker.runSuite(SuiteRunnerWorker.java:52)
	at org.testng.SuiteRunnerWorker.run(SuiteRunnerWorker.java:86)
	at org.testng.TestNG.runSuitesSequentially(TestNG.java:1191)
	at org.testng.TestNG.runSuitesLocally(TestNG.java:1116)
	at org.testng.TestNG.run(TestNG.java:1024)
	at org.testng.remote.RemoteTestNG.run(RemoteTestNG.java:112)
	at org.testng.remote.RemoteTestNG.initAndRun(RemoteTestNG.java:205)
	at org.testng.remote.RemoteTestNG.main(RemoteTestNG.java:176)
]]>
    </error>
  </testcase> <!-- testMonomerNotationUnitRNAContentsSpecialFour -->
</testsuite> <!-- org.helm.notation2.parser.polymer.MonomerNotationUnitRNATest -->
